model-1571255818,1571255829.751,0.53,0.2498,0.43,0.2727
model-1571255818,1571255829.825,0.63,0.2316,0.44,0.3989
model-1571255818,1571255829.898,0.53,0.3437,0.45,0.2854
model-1571255818,1571255829.966,0.48,0.275,0.49,0.254
model-1571255818,1571255830.033,0.45,0.256,0.45,0.2514
model-1571255818,1571255830.102,0.47,0.2508,0.45,0.2505
model-1571255818,1571255830.17,0.47,0.2501,0.4,0.2502
model-1571255818,1571255830.238,0.45,0.2503,0.55,0.2499
model-1571255818,1571255830.306,0.52,0.25,0.55,0.2494
model-1571255818,1571255830.376,0.55,0.2495,0.52,0.2499
model-1571255818,1571255830.445,0.47,0.2513,0.52,0.2497
model-1571255818,1571255830.514,0.5,0.2502,0.53,0.2493
model-1571255818,1571255830.582,0.47,0.2514,0.54,0.249
model-1571255818,1571255830.651,0.48,0.2507,0.54,0.2493
model-1571255818,1571255830.719,0.43,0.2515,0.54,0.2495
model-1571255818,1571255830.787,0.57,0.2493,0.49,0.2502
model-1571255818,1571255830.855,0.5,0.2497,0.53,0.2499
model-1571255818,1571255830.924,0.56,0.2498,0.58,0.2499
model-1571255818,1571255830.992,0.46,0.2499,0.53,0.2497
model-1571255818,1571255831.06,0.51,0.2498,0.4,0.2512
model-1571255818,1571255831.128,0.54,0.2493,0.49,0.2502
model-1571255818,1571255831.197,0.46,0.251,0.46,0.2509
model-1571255818,1571255831.266,0.49,0.2501,0.51,0.2496
model-1571255818,1571255831.333,0.43,0.2519,0.48,0.25
model-1571255818,1571255831.401,0.49,0.2501,0.47,0.2501
model-1571255818,1571255831.469,0.43,0.2508,0.62,0.2496
model-1571255818,1571255831.537,0.54,0.2499,0.5,0.2498
model-1571255818,1571255831.605,0.46,0.2503,0.52,0.2497
model-1571255818,1571255831.673,0.43,0.2511,0.51,0.2498
model-1571255818,1571255831.742,0.5,0.25,0.52,0.2496
model-1571255818,1571255831.811,0.45,0.2508,0.51,0.2498
model-1571255818,1571255831.879,0.49,0.2499,0.52,0.2496
model-1571255818,1571255831.947,0.56,0.2489,0.51,0.2498
model-1571255818,1571255832.015,0.53,0.2496,0.48,0.2502
model-1571255818,1571255832.083,0.48,0.2504,0.47,0.2506
model-1571255818,1571255832.151,0.46,0.2506,0.49,0.2501
model-1571255818,1571255832.218,0.54,0.2493,0.48,0.2501
model-1571255818,1571255832.287,0.55,0.2492,0.49,0.2503
model-1571255818,1571255832.355,0.51,0.25,0.52,0.2494
model-1571255818,1571255832.423,0.46,0.2505,0.51,0.2499
model-1571255818,1571255832.492,0.41,0.251,0.57,0.2494
model-1571255818,1571255832.561,0.43,0.2502,0.58,0.2497
model-1571255818,1571255832.63,0.59,0.2496,0.51,0.2498
model-1571255818,1571255832.699,0.47,0.2499,0.49,0.2501
model-1571255818,1571255832.767,0.51,0.2492,0.46,0.2506
model-1571255818,1571255832.835,0.44,0.2505,0.59,0.2486
model-1571255818,1571255832.903,0.51,0.2493,0.53,0.249
model-1571255818,1571255832.971,0.46,0.2501,0.55,0.2493
model-1571255818,1571255833.04,0.46,0.2508,0.38,0.2511
model-1571255818,1571255833.109,0.46,0.2499,0.59,0.2495
model-1571255818,1571255833.178,0.53,0.2496,0.51,0.25
model-1571255818,1571255833.247,0.55,0.2497,0.59,0.2495
model-1571255818,1571255833.314,0.52,0.2497,0.5,0.2497
model-1571255818,1571255833.383,0.48,0.2502,0.55,0.2493
model-1571255818,1571255833.451,0.58,0.2495,0.56,0.2496
model-1571255818,1571255833.519,0.54,0.2497,0.48,0.2498
model-1571255818,1571255833.587,0.62,0.2492,0.56,0.2495
model-1571255818,1571255833.657,0.54,0.2496,0.46,0.2504
model-1571255818,1571255833.726,0.62,0.2489,0.49,0.2496
model-1571255818,1571255833.795,0.49,0.2498,0.51,0.2499
model-1571255818,1571255833.863,0.42,0.2526,0.45,0.2511
model-1571255818,1571255833.932,0.46,0.2507,0.45,0.2508
model-1571255818,1571255834.0,0.42,0.2514,0.43,0.2512
model-1571255818,1571255834.068,0.6,0.2478,0.51,0.2495
model-1571255818,1571255834.136,0.57,0.2487,0.53,0.2494
model-1571255818,1571255834.205,0.47,0.2495,0.52,0.2495
model-1571255818,1571255834.274,0.58,0.2491,0.51,0.2497
model-1571255818,1571255834.343,0.6,0.2492,0.54,0.2494
model-1571255818,1571255834.412,0.55,0.2488,0.58,0.2493
model-1571255818,1571255834.481,0.63,0.2489,0.55,0.2491
model-1571255818,1571255834.549,0.61,0.2483,0.54,0.2479
model-1571255818,1571255834.617,0.56,0.2476,0.57,0.2475
model-1571255818,1571255834.685,0.51,0.2495,0.55,0.2474
model-1571255818,1571255834.754,0.58,0.2464,0.47,0.2505
model-1571255818,1571255834.822,0.5,0.2502,0.5,0.2495
model-1571255818,1571255834.891,0.57,0.2466,0.52,0.2485
model-1571255818,1571255834.959,0.58,0.2474,0.58,0.2476
model-1571255818,1571255835.029,0.56,0.247,0.6,0.2452
model-1571255818,1571255835.098,0.6,0.2464,0.5,0.2502
model-1571255818,1571255835.166,0.49,0.2489,0.54,0.2487
model-1571255818,1571255835.234,0.52,0.2488,0.54,0.2468
model-1571255818,1571255835.302,0.52,0.2485,0.61,0.246
model-1571255818,1571255835.371,0.58,0.246,0.46,0.2523
model-1571255818,1571255835.438,0.63,0.2459,0.55,0.2476
model-1571255818,1571255835.507,0.64,0.2447,0.63,0.2444
model-1571255818,1571255835.576,0.59,0.2444,0.59,0.2431
model-1571255818,1571255835.645,0.55,0.2461,0.59,0.2464
model-1571255818,1571255835.713,0.54,0.2459,0.56,0.244
model-1571255818,1571255835.781,0.7,0.237,0.5,0.2516
model-1571255818,1571255835.849,0.65,0.2392,0.57,0.2458
model-1571255818,1571255835.917,0.49,0.2474,0.51,0.2485
model-1571255818,1571255835.986,0.57,0.2432,0.47,0.2545
model-1571255818,1571255836.054,0.55,0.2429,0.55,0.2446
model-1571255818,1571255836.123,0.6,0.24,0.65,0.2347
model-1571255818,1571255836.193,0.53,0.2477,0.56,0.2338
model-1571255818,1571255836.261,0.57,0.2392,0.63,0.239
model-1571255818,1571255836.33,0.59,0.2369,0.59,0.2418
model-1571255818,1571255836.398,0.54,0.2459,0.55,0.2524
model-1571255818,1571255836.466,0.6,0.2397,0.67,0.2325
model-1571255818,1571255836.534,0.63,0.2312,0.58,0.2427
model-1571255818,1571255836.602,0.64,0.234,0.6,0.2354
model-1571255818,1571255836.671,0.59,0.2422,0.48,0.2613
model-1571255818,1571255836.74,0.52,0.2481,0.61,0.2311
model-1571255818,1571255836.809,0.55,0.2365,0.62,0.2384
model-1571255818,1571255836.878,0.57,0.2434,0.65,0.2373
model-1571255818,1571255836.947,0.64,0.2233,0.57,0.236
model-1571255818,1571255837.015,0.53,0.2457,0.52,0.2472
model-1571255818,1571255837.082,0.56,0.2428,0.46,0.2615
model-1571255818,1571255837.15,0.59,0.2405,0.59,0.2329
model-1571255818,1571255837.219,0.54,0.2454,0.6,0.2424
model-1571255818,1571255837.286,0.62,0.2291,0.58,0.2469
model-1571255818,1571255837.355,0.5,0.2602,0.58,0.2403
model-1571255818,1571255837.423,0.6,0.2421,0.48,0.2584
model-1571255818,1571255837.493,0.63,0.2253,0.61,0.2301
model-1571255818,1571255837.562,0.67,0.2219,0.5,0.2606
model-1571255818,1571255837.631,0.56,0.2455,0.64,0.2351
model-1571255818,1571255837.699,0.55,0.2399,0.55,0.2465
model-1571255818,1571255837.768,0.54,0.2458,0.56,0.2371
model-1571255818,1571255837.836,0.64,0.2346,0.61,0.2349
model-1571255818,1571255837.903,0.54,0.2308,0.51,0.2643
model-1571255818,1571255837.973,0.54,0.2532,0.49,0.252
model-1571255818,1571255838.042,0.62,0.2328,0.63,0.2369
model-1571255818,1571255838.111,0.61,0.2208,0.6,0.2467
model-1571255818,1571255838.179,0.6,0.2332,0.63,0.2316
model-1571255818,1571255838.247,0.65,0.2282,0.51,0.249
model-1571255818,1571255838.315,0.59,0.245,0.58,0.2409
model-1571255818,1571255838.383,0.56,0.2478,0.57,0.2344
model-1571255818,1571255838.451,0.63,0.2336,0.56,0.2368
model-1571255818,1571255838.519,0.65,0.2295,0.59,0.2396
model-1571255818,1571255838.588,0.63,0.2285,0.57,0.2384
model-1571255818,1571255838.657,0.54,0.2346,0.48,0.2591
model-1571255818,1571255838.726,0.69,0.2139,0.61,0.2435
model-1571255818,1571255838.795,0.63,0.2227,0.61,0.2377
model-1571255818,1571255838.864,0.66,0.2196,0.51,0.2743
model-1571255818,1571255838.932,0.59,0.2407,0.56,0.2484
model-1571255818,1571255839.0,0.53,0.2514,0.63,0.2329
model-1571255818,1571255839.067,0.69,0.2086,0.58,0.2326
model-1571255818,1571255839.136,0.62,0.2236,0.62,0.2364
model-1571255818,1571255839.204,0.62,0.2301,0.6,0.2312
model-1571255818,1571255839.272,0.65,0.2196,0.6,0.237
model-1571255818,1571255839.341,0.74,0.196,0.55,0.2565
model-1571255818,1571255839.41,0.65,0.2313,0.57,0.2385
model-1571255818,1571255839.479,0.59,0.2367,0.51,0.2594
model-1571255818,1571255839.547,0.6,0.2331,0.57,0.2497
model-1571255818,1571255839.615,0.58,0.229,0.59,0.2317
model-1571255818,1571255839.684,0.64,0.2369,0.62,0.2319
model-1571255818,1571255839.752,0.55,0.249,0.62,0.235
model-1571255818,1571255839.819,0.62,0.2322,0.65,0.2247
model-1571255818,1571255839.887,0.64,0.2272,0.61,0.2336
model-1571255818,1571255839.956,0.61,0.2379,0.64,0.227
model-1571255818,1571255840.025,0.55,0.2441,0.65,0.2274
model-1571255818,1571255840.093,0.6,0.2384,0.56,0.2481
model-1571255818,1571255840.162,0.64,0.213,0.64,0.2335
model-1571255818,1571255840.23,0.62,0.2279,0.59,0.2422
model-1571255818,1571255840.299,0.61,0.2303,0.58,0.2363
model-1571255818,1571255840.367,0.61,0.231,0.54,0.2514
model-1571255818,1571255840.435,0.61,0.2292,0.63,0.2344
model-1571255818,1571255840.503,0.59,0.2316,0.57,0.2494
model-1571255818,1571255840.571,0.59,0.2388,0.49,0.2504
model-1571255818,1571255840.64,0.62,0.2419,0.5,0.2712
model-1571255818,1571255840.709,0.58,0.2487,0.48,0.2655
model-1571255818,1571255840.778,0.51,0.2758,0.57,0.2524
model-1571255818,1571255840.847,0.52,0.2608,0.5,0.2626
model-1571255818,1571255840.915,0.42,0.2754,0.54,0.246
model-1571255818,1571255840.982,0.47,0.2572,0.62,0.2356
model-1571255818,1571255841.051,0.59,0.249,0.46,0.2673
model-1571255818,1571255841.119,0.52,0.2512,0.54,0.2553
model-1571255818,1571255841.187,0.48,0.2771,0.52,0.2607
model-1571255818,1571255841.255,0.52,0.2628,0.47,0.2636
model-1571255818,1571255841.325,0.52,0.2382,0.51,0.2533
model-1571255818,1571255841.393,0.64,0.2292,0.62,0.2311
model-1571255818,1571255841.462,0.63,0.2331,0.57,0.2396
model-1571255818,1571255841.53,0.58,0.2416,0.59,0.2399
model-1571255818,1571255841.599,0.66,0.2316,0.6,0.2403
model-1571255818,1571255841.668,0.62,0.2348,0.55,0.2447
model-1571255818,1571255841.736,0.48,0.2481,0.57,0.2371
model-1571255818,1571255841.804,0.56,0.2476,0.59,0.2418
model-1571255818,1571255841.873,0.58,0.2423,0.6,0.2407
model-1571255818,1571255841.942,0.63,0.2352,0.61,0.2394
model-1571255818,1571255842.01,0.5,0.2461,0.67,0.2343
model-1571255818,1571255842.079,0.69,0.2345,0.63,0.2415
model-1571255818,1571255842.148,0.61,0.2399,0.56,0.2455
model-1571255818,1571255842.216,0.69,0.2304,0.61,0.2389
model-1571255818,1571255842.284,0.62,0.241,0.54,0.247
model-1571255818,1571255842.352,0.56,0.2451,0.55,0.2403
model-1571255818,1571255842.421,0.58,0.244,0.53,0.2385
model-1571255818,1571255842.488,0.62,0.2323,0.57,0.2398
model-1571255818,1571255842.557,0.59,0.2409,0.57,0.2384
model-1571255818,1571255842.626,0.67,0.2281,0.67,0.2285
model-1571255818,1571255842.695,0.51,0.2475,0.54,0.2446
model-1571255818,1571255842.764,0.63,0.2364,0.52,0.2518
model-1571255818,1571255842.831,0.58,0.2386,0.56,0.2373
model-1571255818,1571255842.9,0.62,0.2384,0.54,0.2472
model-1571255818,1571255842.969,0.65,0.2305,0.54,0.2439
model-1571255818,1571255843.036,0.58,0.2413,0.63,0.231
model-1571255818,1571255843.104,0.59,0.2308,0.64,0.23
model-1571255818,1571255843.172,0.61,0.2358,0.54,0.2379
model-1571255818,1571255843.242,0.69,0.2241,0.67,0.2269
model-1571255818,1571255843.312,0.6,0.2346,0.62,0.2323
model-1571255818,1571255843.38,0.63,0.233,0.45,0.2466
model-1571255818,1571255843.448,0.6,0.2402,0.67,0.2199
model-1571255818,1571255843.517,0.59,0.2326,0.55,0.2429
model-1571255818,1571255843.585,0.69,0.2218,0.61,0.2402
model-1571255818,1571255843.654,0.65,0.2278,0.62,0.2416
model-1571255818,1571255843.723,0.61,0.2374,0.58,0.2353
model-1571255818,1571255843.793,0.51,0.2553,0.65,0.2199
model-1571255818,1571255843.861,0.61,0.2285,0.61,0.2384
model-1571255818,1571255843.929,0.63,0.238,0.58,0.2336
model-1571255818,1571255843.997,0.42,0.2811,0.65,0.216
model-1571255818,1571255844.066,0.65,0.23,0.56,0.2394
model-1571255818,1571255844.134,0.6,0.2319,0.55,0.241
model-1571255818,1571255844.202,0.67,0.2178,0.62,0.2344
model-1571255818,1571255844.269,0.53,0.2397,0.7,0.2119
model-1571255818,1571255844.339,0.63,0.2187,0.61,0.2382
model-1571255818,1571255844.408,0.63,0.2265,0.6,0.2368
model-1571255818,1571255844.476,0.56,0.2387,0.75,0.2163
model-1571255818,1571255844.544,0.59,0.233,0.61,0.2304
model-1571255818,1571255844.616,0.55,0.2388,0.56,0.2439
model-1571255818,1571255844.684,0.59,0.2284,0.59,0.2329
model-1571255818,1571255844.752,0.66,0.2174,0.58,0.2447
model-1571255818,1571255844.819,0.58,0.2458,0.66,0.2261
model-1571255818,1571255844.888,0.66,0.2215,0.63,0.2268
model-1571255818,1571255844.958,0.57,0.2406,0.55,0.2508
model-1571255818,1571255845.026,0.61,0.2311,0.6,0.2244
model-1571255818,1571255845.073,0.52,0.2444,0.57,0.2396
model-1571255818,1571255845.143,0.64,0.2257,0.62,0.2375
model-1571255818,1571255845.213,0.58,0.2213,0.53,0.242
model-1571255818,1571255845.281,0.58,0.2292,0.54,0.2573
model-1571255818,1571255845.349,0.65,0.2251,0.51,0.2597
model-1571255818,1571255845.417,0.58,0.2446,0.58,0.2457
model-1571255818,1571255845.485,0.58,0.2449,0.64,0.2276
model-1571255818,1571255845.552,0.7,0.2242,0.52,0.2497
model-1571255818,1571255845.62,0.65,0.212,0.6,0.2392
model-1571255818,1571255845.69,0.54,0.2401,0.58,0.2294
model-1571255818,1571255845.758,0.64,0.2218,0.55,0.2376
model-1571255818,1571255845.826,0.58,0.2424,0.6,0.232
model-1571255818,1571255845.895,0.55,0.2425,0.57,0.2345
model-1571255818,1571255845.963,0.53,0.2435,0.48,0.2546
model-1571255818,1571255846.032,0.6,0.2385,0.58,0.2392
model-1571255818,1571255846.099,0.67,0.2203,0.56,0.2518
model-1571255818,1571255846.167,0.51,0.2644,0.47,0.2718
model-1571255818,1571255846.236,0.65,0.2123,0.49,0.2584
model-1571255818,1571255846.304,0.52,0.2435,0.64,0.239
model-1571255818,1571255846.373,0.65,0.22,0.62,0.2266
model-1571255818,1571255846.441,0.6,0.2292,0.62,0.234
model-1571255818,1571255846.51,0.67,0.2206,0.61,0.2391
model-1571255818,1571255846.579,0.59,0.2337,0.65,0.2222
model-1571255818,1571255846.647,0.69,0.2207,0.54,0.2455
model-1571255818,1571255846.715,0.65,0.2131,0.52,0.2587
model-1571255818,1571255846.783,0.6,0.2277,0.64,0.2258
model-1571255818,1571255846.852,0.54,0.2439,0.71,0.2158
model-1571255818,1571255846.919,0.56,0.2468,0.63,0.2296
model-1571255818,1571255846.987,0.56,0.2323,0.61,0.2304
model-1571255818,1571255847.056,0.67,0.2145,0.54,0.2435
model-1571255818,1571255847.125,0.65,0.2377,0.56,0.2419
model-1571255818,1571255847.193,0.64,0.2167,0.63,0.2291
model-1571255818,1571255847.262,0.66,0.2203,0.62,0.233
model-1571255818,1571255847.331,0.62,0.2253,0.61,0.2332
model-1571255818,1571255847.399,0.58,0.2325,0.59,0.2296
model-1571255818,1571255847.466,0.63,0.2331,0.64,0.2236
model-1571255818,1571255847.534,0.6,0.2273,0.66,0.2274
model-1571255818,1571255847.605,0.67,0.2279,0.62,0.2221
model-1571255818,1571255847.674,0.59,0.2179,0.69,0.2093
model-1571255818,1571255847.742,0.58,0.2516,0.67,0.2214
model-1571255818,1571255847.81,0.68,0.2148,0.58,0.2466
model-1571255818,1571255847.88,0.66,0.2162,0.62,0.2292
model-1571255818,1571255847.948,0.6,0.2297,0.6,0.2403
model-1571255818,1571255848.016,0.56,0.2522,0.47,0.2797
model-1571255818,1571255848.083,0.57,0.2392,0.62,0.2298
model-1571255818,1571255848.152,0.64,0.2264,0.66,0.2202
model-1571255818,1571255848.22,0.56,0.2408,0.63,0.2242
model-1571255818,1571255848.288,0.59,0.2314,0.63,0.2323
model-1571255818,1571255848.356,0.67,0.2248,0.58,0.2385
model-1571255818,1571255848.425,0.53,0.2542,0.59,0.2461
model-1571255818,1571255848.494,0.6,0.2222,0.54,0.25
model-1571255818,1571255848.562,0.52,0.2701,0.59,0.2298
model-1571255818,1571255848.63,0.66,0.2241,0.54,0.239
model-1571255818,1571255848.699,0.55,0.2415,0.6,0.2397
model-1571255818,1571255848.767,0.65,0.2326,0.59,0.2483
model-1571255818,1571255848.835,0.55,0.243,0.44,0.2742
model-1571255818,1571255848.903,0.54,0.252,0.56,0.2488
model-1571255818,1571255848.972,0.59,0.236,0.59,0.2377
model-1571255818,1571255849.04,0.52,0.2462,0.56,0.2382
model-1571255818,1571255849.109,0.66,0.2365,0.64,0.2401
model-1571255818,1571255849.178,0.57,0.2491,0.51,0.2383
model-1571255818,1571255849.248,0.53,0.2426,0.6,0.2278
model-1571255818,1571255849.316,0.68,0.2275,0.63,0.2304
model-1571255818,1571255849.383,0.62,0.2213,0.59,0.2427
model-1571255818,1571255849.451,0.55,0.2419,0.54,0.2495
model-1571255818,1571255849.52,0.56,0.2339,0.56,0.2397
model-1571255818,1571255849.591,0.55,0.237,0.65,0.2292
model-1571255818,1571255849.659,0.62,0.2265,0.61,0.2376
model-1571255818,1571255849.727,0.66,0.2265,0.62,0.2399
model-1571255818,1571255849.796,0.67,0.2247,0.51,0.2467
model-1571255818,1571255849.865,0.67,0.2234,0.6,0.2347
model-1571255818,1571255849.933,0.66,0.2219,0.62,0.2356
model-1571255818,1571255850.001,0.61,0.2215,0.54,0.2422
model-1571255818,1571255850.07,0.6,0.2385,0.6,0.2303
model-1571255818,1571255850.138,0.69,0.2155,0.62,0.2402
model-1571255818,1571255850.207,0.59,0.243,0.64,0.2348
model-1571255818,1571255850.276,0.69,0.2029,0.52,0.2461
model-1571255818,1571255850.345,0.68,0.2278,0.58,0.245
model-1571255818,1571255850.414,0.59,0.2402,0.61,0.2384
model-1571255818,1571255850.482,0.58,0.2387,0.71,0.2126
model-1571255818,1571255850.55,0.59,0.223,0.67,0.2245
model-1571255818,1571255850.619,0.68,0.2085,0.62,0.2269
model-1571255818,1571255850.687,0.57,0.2369,0.56,0.2393
model-1571255818,1571255850.755,0.67,0.2273,0.59,0.2463
model-1571255818,1571255850.823,0.64,0.2271,0.58,0.2438
model-1571255818,1571255850.892,0.62,0.2281,0.58,0.2384
model-1571255818,1571255850.961,0.62,0.232,0.67,0.2212
model-1571255818,1571255851.029,0.63,0.2287,0.64,0.2293
model-1571255818,1571255851.098,0.53,0.2372,0.59,0.2349
model-1571255818,1571255851.167,0.66,0.2091,0.62,0.2304
model-1571255818,1571255851.235,0.67,0.212,0.62,0.2392
model-1571255818,1571255851.302,0.51,0.2567,0.68,0.216
model-1571255818,1571255851.371,0.61,0.2188,0.64,0.2277
model-1571255818,1571255851.44,0.62,0.2195,0.54,0.2449
model-1571255818,1571255851.509,0.66,0.2297,0.47,0.2697
model-1571255818,1571255851.578,0.53,0.2443,0.58,0.2334
model-1571255818,1571255851.647,0.59,0.2274,0.59,0.233
model-1571255818,1571255851.716,0.6,0.2299,0.49,0.251
model-1571255818,1571255851.784,0.59,0.236,0.63,0.2225
model-1571255818,1571255851.852,0.56,0.2297,0.67,0.2211
model-1571255818,1571255851.92,0.63,0.2283,0.69,0.2138
model-1571255818,1571255851.99,0.57,0.2373,0.62,0.2146
model-1571255818,1571255852.058,0.66,0.2171,0.58,0.2332
model-1571255818,1571255852.126,0.54,0.246,0.59,0.2361
model-1571255818,1571255852.195,0.61,0.2323,0.67,0.2257
model-1571255818,1571255852.264,0.61,0.2354,0.68,0.2248
model-1571255818,1571255852.332,0.65,0.206,0.54,0.2384
model-1571255818,1571255852.4,0.62,0.2423,0.54,0.2405
model-1571255818,1571255852.468,0.59,0.2286,0.56,0.2372
model-1571255818,1571255852.536,0.55,0.2399,0.63,0.2167
model-1571255818,1571255852.605,0.54,0.2478,0.6,0.2434
model-1571255818,1571255852.674,0.7,0.2257,0.64,0.2258
model-1571255818,1571255852.742,0.55,0.2544,0.58,0.2293
model-1571255818,1571255852.811,0.59,0.2264,0.65,0.2199
model-1571255818,1571255852.879,0.69,0.2139,0.59,0.2311
model-1571255818,1571255852.947,0.66,0.2145,0.65,0.2316
model-1571255818,1571255853.015,0.61,0.2427,0.61,0.2348
model-1571255818,1571255853.084,0.61,0.2259,0.54,0.2508
model-1571255818,1571255853.153,0.6,0.2381,0.57,0.2455
model-1571255818,1571255853.22,0.67,0.2223,0.53,0.2492
model-1571255818,1571255853.288,0.58,0.2213,0.61,0.2269
model-1571255818,1571255853.358,0.53,0.2469,0.6,0.2213
model-1571255818,1571255853.427,0.6,0.2263,0.61,0.2394
model-1571255818,1571255853.496,0.63,0.2125,0.51,0.2508
model-1571255818,1571255853.564,0.63,0.2315,0.65,0.219
model-1571255818,1571255853.632,0.74,0.2196,0.58,0.2441
model-1571255818,1571255853.701,0.51,0.2541,0.56,0.2384
model-1571255818,1571255853.768,0.69,0.2244,0.64,0.2226
model-1571255818,1571255853.836,0.62,0.2346,0.61,0.2206
model-1571255818,1571255853.905,0.71,0.2141,0.63,0.2314
model-1571255818,1571255853.974,0.65,0.2153,0.51,0.2522
model-1571255818,1571255854.042,0.6,0.2316,0.64,0.2259
model-1571255818,1571255854.11,0.73,0.1979,0.6,0.2393
model-1571255818,1571255854.179,0.6,0.2195,0.53,0.2548
model-1571255818,1571255854.247,0.66,0.2121,0.65,0.2212
model-1571255818,1571255854.315,0.64,0.2305,0.6,0.2373
model-1571255818,1571255854.383,0.52,0.2457,0.57,0.2469
model-1571255818,1571255854.452,0.7,0.2019,0.61,0.2429
model-1571255818,1571255854.52,0.68,0.2103,0.59,0.2425
model-1571255818,1571255854.588,0.65,0.2211,0.58,0.224
model-1571255818,1571255854.658,0.65,0.2119,0.76,0.2033
model-1571255818,1571255854.728,0.72,0.1806,0.66,0.2156
model-1571255818,1571255854.797,0.71,0.2166,0.64,0.2323
model-1571255818,1571255854.865,0.63,0.2259,0.58,0.2487
model-1571255818,1571255854.933,0.61,0.2383,0.62,0.2153
model-1571255818,1571255855.002,0.7,0.2119,0.61,0.2303
model-1571255818,1571255855.07,0.65,0.233,0.62,0.2267
model-1571255818,1571255855.138,0.56,0.2451,0.59,0.2396
model-1571255818,1571255855.207,0.65,0.2266,0.62,0.2428
model-1571255818,1571255855.276,0.6,0.2289,0.6,0.2477
model-1571255818,1571255855.344,0.59,0.2361,0.62,0.2223
model-1571255818,1571255855.412,0.58,0.2446,0.63,0.2166
model-1571255818,1571255855.481,0.64,0.2241,0.54,0.2529
model-1571255818,1571255855.55,0.68,0.1977,0.63,0.2331
model-1571255818,1571255855.618,0.62,0.2205,0.56,0.2497
model-1571255818,1571255855.685,0.66,0.2217,0.6,0.2342
model-1571255818,1571255855.754,0.66,0.2254,0.64,0.2187
model-1571255818,1571255855.823,0.62,0.2205,0.66,0.221
model-1571255818,1571255855.892,0.6,0.2226,0.62,0.2341
model-1571255818,1571255855.961,0.61,0.2322,0.62,0.2286
model-1571255818,1571255856.03,0.57,0.2547,0.63,0.2283
model-1571255818,1571255856.098,0.6,0.2378,0.57,0.2433
model-1571255818,1571255856.166,0.53,0.2642,0.61,0.2344
model-1571255818,1571255856.234,0.59,0.2379,0.48,0.2816
model-1571255818,1571255856.302,0.5,0.2552,0.67,0.2243
model-1571255818,1571255856.37,0.51,0.2461,0.58,0.2313
model-1571255818,1571255856.438,0.54,0.2501,0.56,0.2406
model-1571255818,1571255856.508,0.55,0.2422,0.52,0.2577
model-1571255818,1571255856.576,0.53,0.2667,0.49,0.2605
model-1571255818,1571255856.646,0.54,0.252,0.65,0.2205
model-1571255818,1571255856.714,0.62,0.2258,0.59,0.2364
model-1571255818,1571255856.782,0.72,0.2143,0.6,0.2337
model-1571255818,1571255856.85,0.64,0.221,0.49,0.2559
model-1571255818,1571255856.919,0.63,0.2331,0.55,0.24
model-1571255818,1571255856.987,0.68,0.2179,0.46,0.2597
model-1571255818,1571255857.055,0.61,0.2282,0.6,0.2343
model-1571255818,1571255857.125,0.51,0.2488,0.6,0.2396
model-1571255818,1571255857.194,0.54,0.2445,0.62,0.2361
model-1571255818,1571255857.263,0.62,0.2274,0.56,0.2396
model-1571255818,1571255857.331,0.72,0.2181,0.56,0.2479
model-1571255818,1571255857.399,0.59,0.2383,0.61,0.23
model-1571255818,1571255857.467,0.57,0.2341,0.64,0.231
model-1571255818,1571255857.535,0.61,0.2263,0.54,0.2456
model-1571255818,1571255857.603,0.66,0.2141,0.64,0.2258
model-1571255818,1571255857.671,0.7,0.2171,0.6,0.2416
model-1571255818,1571255857.74,0.6,0.2425,0.56,0.2326
model-1571255818,1571255857.809,0.62,0.2376,0.59,0.2421
model-1571255818,1571255857.877,0.69,0.2165,0.67,0.2249
model-1571255818,1571255857.945,0.63,0.2263,0.64,0.2319
model-1571255818,1571255858.014,0.67,0.215,0.59,0.2436
model-1571255818,1571255858.083,0.62,0.2291,0.67,0.2291
model-1571255818,1571255858.151,0.66,0.2218,0.69,0.2221
model-1571255818,1571255858.219,0.65,0.2219,0.68,0.2233
model-1571255818,1571255858.289,0.62,0.2354,0.65,0.231
model-1571255818,1571255858.358,0.63,0.2208,0.56,0.2508
model-1571255818,1571255858.427,0.61,0.2346,0.63,0.2282
model-1571255818,1571255858.496,0.64,0.2172,0.56,0.2528
model-1571255818,1571255858.565,0.65,0.2203,0.64,0.2235
model-1571255818,1571255858.633,0.69,0.2088,0.63,0.2318
model-1571255818,1571255858.701,0.66,0.2119,0.6,0.2242
model-1571255818,1571255858.769,0.65,0.2291,0.58,0.2362
model-1571255818,1571255858.837,0.61,0.2337,0.54,0.2525
model-1571255818,1571255858.907,0.62,0.2171,0.71,0.21
model-1571255818,1571255858.975,0.71,0.2141,0.59,0.2366
model-1571255818,1571255859.045,0.67,0.2116,0.66,0.2309
model-1571255818,1571255859.113,0.63,0.2384,0.59,0.2363
model-1571255818,1571255859.181,0.55,0.2486,0.55,0.2375
model-1571255818,1571255859.25,0.66,0.225,0.55,0.2529
model-1571255818,1571255859.317,0.66,0.2349,0.66,0.2214
model-1571255818,1571255859.386,0.58,0.2533,0.63,0.2284
model-1571255818,1571255859.454,0.62,0.2136,0.58,0.2476
model-1571255818,1571255859.523,0.68,0.2129,0.57,0.238
model-1571255818,1571255859.593,0.68,0.2107,0.6,0.231
model-1571255818,1571255859.663,0.59,0.2333,0.61,0.2335
model-1571255818,1571255859.731,0.75,0.1918,0.62,0.233
model-1571255818,1571255859.798,0.68,0.2148,0.57,0.2399
model-1571255818,1571255859.866,0.59,0.2297,0.69,0.2116
model-1571255818,1571255859.935,0.64,0.2255,0.67,0.2224
model-1571255818,1571255860.003,0.65,0.2312,0.67,0.2157
model-1571255818,1571255860.072,0.6,0.2138,0.7,0.2227
model-1571255818,1571255860.141,0.69,0.2028,0.66,0.2264
model-1571255818,1571255860.21,0.57,0.2473,0.59,0.2586
model-1571255818,1571255860.278,0.66,0.2174,0.65,0.2265
model-1571255818,1571255860.346,0.62,0.2266,0.63,0.2393
model-1571255818,1571255860.414,0.66,0.2227,0.59,0.2422
model-1571255818,1571255860.463,0.6,0.2392,0.54,0.2483
model-1571255818,1571255860.531,0.68,0.2209,0.67,0.2207
model-1571255818,1571255860.6,0.6,0.219,0.66,0.2159
model-1571255818,1571255860.668,0.59,0.2282,0.54,0.2462
model-1571255818,1571255860.737,0.64,0.2174,0.62,0.2383
model-1571255818,1571255860.808,0.6,0.2417,0.63,0.2327
model-1571255818,1571255860.877,0.61,0.2389,0.62,0.2428
model-1571255818,1571255860.946,0.64,0.2161,0.55,0.2536
model-1571255818,1571255861.014,0.64,0.2153,0.59,0.2424
model-1571255818,1571255861.082,0.59,0.2397,0.59,0.2483
model-1571255818,1571255861.15,0.72,0.2023,0.62,0.231
model-1571255818,1571255861.217,0.66,0.2215,0.53,0.2406
model-1571255818,1571255861.286,0.58,0.2347,0.69,0.2248
model-1571255818,1571255861.354,0.6,0.2309,0.72,0.2054
model-1571255818,1571255861.424,0.65,0.2256,0.6,0.2314
model-1571255818,1571255861.493,0.72,0.2039,0.52,0.2557
model-1571255818,1571255861.563,0.6,0.2421,0.55,0.2361
model-1571255818,1571255861.632,0.74,0.1858,0.69,0.2107
model-1571255818,1571255861.699,0.63,0.2277,0.68,0.2181
model-1571255818,1571255861.767,0.65,0.2161,0.72,0.2105
model-1571255818,1571255861.836,0.61,0.227,0.68,0.2207
model-1571255818,1571255861.905,0.64,0.2116,0.7,0.2135
model-1571255818,1571255861.974,0.62,0.2281,0.65,0.2151
model-1571255818,1571255862.042,0.69,0.2028,0.57,0.262
model-1571255818,1571255862.111,0.65,0.2044,0.63,0.2152
model-1571255818,1571255862.179,0.64,0.2104,0.61,0.2254
model-1571255818,1571255862.247,0.52,0.2448,0.6,0.2377
model-1571255818,1571255862.315,0.58,0.2389,0.61,0.2437
model-1571255818,1571255862.383,0.65,0.2279,0.64,0.2303
model-1571255818,1571255862.451,0.67,0.2059,0.69,0.2079
model-1571255818,1571255862.519,0.63,0.2278,0.6,0.2271
model-1571255818,1571255862.587,0.66,0.2067,0.58,0.2486
model-1571255818,1571255862.658,0.65,0.2108,0.69,0.2154
model-1571255818,1571255862.727,0.63,0.2218,0.65,0.2168
model-1571255818,1571255862.796,0.63,0.2174,0.67,0.2072
model-1571255818,1571255862.864,0.68,0.2282,0.68,0.2151
model-1571255818,1571255862.933,0.62,0.2206,0.53,0.2476
model-1571255818,1571255863.001,0.63,0.2225,0.59,0.2421
model-1571255818,1571255863.069,0.68,0.2058,0.64,0.2152
model-1571255818,1571255863.137,0.6,0.2448,0.72,0.2149
model-1571255818,1571255863.207,0.7,0.2085,0.55,0.2446
model-1571255818,1571255863.277,0.67,0.2054,0.62,0.2418
model-1571255818,1571255863.344,0.63,0.2235,0.66,0.2291
model-1571255818,1571255863.413,0.6,0.247,0.62,0.2407
model-1571255818,1571255863.482,0.64,0.2151,0.55,0.2404
model-1571255818,1571255863.55,0.68,0.207,0.6,0.2363
model-1571255818,1571255863.618,0.59,0.2199,0.59,0.2412
model-1571255818,1571255863.686,0.56,0.2414,0.63,0.2291
model-1571255818,1571255863.754,0.68,0.2162,0.57,0.2448
model-1571255818,1571255863.824,0.66,0.2321,0.6,0.2294
model-1571255818,1571255863.892,0.7,0.2051,0.58,0.234
model-1571255818,1571255863.96,0.58,0.2449,0.68,0.2194
model-1571255818,1571255864.03,0.63,0.2267,0.62,0.2244
model-1571255818,1571255864.098,0.64,0.2294,0.6,0.2351
model-1571255818,1571255864.165,0.62,0.2291,0.6,0.2219
model-1571255818,1571255864.233,0.62,0.2347,0.68,0.217
model-1571255818,1571255864.302,0.61,0.2464,0.59,0.2295
model-1571255818,1571255864.37,0.66,0.217,0.56,0.2336
model-1571255818,1571255864.438,0.63,0.2312,0.64,0.2283
model-1571255818,1571255864.507,0.55,0.2402,0.7,0.2121
model-1571255818,1571255864.576,0.65,0.232,0.58,0.2458
model-1571255818,1571255864.644,0.6,0.2333,0.59,0.249
model-1571255818,1571255864.712,0.72,0.2087,0.7,0.2109
model-1571255818,1571255864.78,0.72,0.2092,0.63,0.2171
model-1571255818,1571255864.849,0.66,0.2123,0.58,0.2351
model-1571255818,1571255864.917,0.71,0.2025,0.65,0.2295
model-1571255818,1571255864.985,0.64,0.215,0.58,0.2428
model-1571255818,1571255865.053,0.68,0.2114,0.62,0.2108
model-1571255818,1571255865.122,0.67,0.2233,0.6,0.238
model-1571255818,1571255865.191,0.71,0.2054,0.61,0.2218
model-1571255818,1571255865.259,0.67,0.2082,0.55,0.2491
model-1571255818,1571255865.329,0.68,0.2113,0.61,0.2274
model-1571255818,1571255865.397,0.73,0.1963,0.54,0.2503
model-1571255818,1571255865.465,0.59,0.2284,0.65,0.2223
model-1571255818,1571255865.533,0.72,0.1873,0.59,0.2307
model-1571255818,1571255865.601,0.63,0.2305,0.59,0.2218
model-1571255818,1571255865.67,0.72,0.1825,0.65,0.2143
model-1571255818,1571255865.74,0.66,0.2166,0.56,0.2369
model-1571255818,1571255865.808,0.6,0.2281,0.57,0.2627
model-1571255818,1571255865.877,0.66,0.2226,0.67,0.2025
model-1571255818,1571255865.945,0.65,0.2112,0.64,0.2222
model-1571255818,1571255866.013,0.69,0.1944,0.62,0.2374
model-1571255818,1571255866.081,0.59,0.2301,0.73,0.1989
model-1571255818,1571255866.149,0.62,0.2344,0.58,0.26
model-1571255818,1571255866.217,0.66,0.224,0.71,0.1964
model-1571255818,1571255866.285,0.67,0.2149,0.66,0.2305
model-1571255818,1571255866.352,0.73,0.215,0.72,0.1967
model-1571255818,1571255866.42,0.65,0.2103,0.6,0.2398
model-1571255818,1571255866.489,0.67,0.2213,0.71,0.2127
model-1571255818,1571255866.558,0.7,0.1939,0.62,0.2146
model-1571255818,1571255866.626,0.71,0.1983,0.53,0.2512
model-1571255818,1571255866.695,0.55,0.2386,0.7,0.2073
model-1571255818,1571255866.763,0.64,0.208,0.58,0.2464
model-1571255818,1571255866.832,0.66,0.2096,0.59,0.2423
model-1571255818,1571255866.899,0.69,0.2253,0.64,0.2209
model-1571255818,1571255866.967,0.6,0.2417,0.65,0.204
model-1571255818,1571255867.035,0.66,0.2208,0.59,0.2446
model-1571255818,1571255867.104,0.64,0.2215,0.62,0.2304
model-1571255818,1571255867.173,0.67,0.2056,0.7,0.197
model-1571255818,1571255867.242,0.66,0.2189,0.71,0.2077
model-1571255818,1571255867.311,0.61,0.2283,0.73,0.2049
model-1571255818,1571255867.38,0.65,0.2114,0.63,0.2181
model-1571255818,1571255867.447,0.68,0.212,0.57,0.2337
model-1571255818,1571255867.515,0.56,0.2425,0.61,0.2193
model-1571255818,1571255867.583,0.61,0.2191,0.68,0.2104
model-1571255818,1571255867.652,0.61,0.2274,0.62,0.2202
model-1571255818,1571255867.72,0.71,0.1957,0.68,0.2142
model-1571255818,1571255867.788,0.64,0.2261,0.63,0.2308
model-1571255818,1571255867.858,0.63,0.2089,0.72,0.1958
model-1571255818,1571255867.927,0.68,0.2206,0.66,0.2118
model-1571255818,1571255867.996,0.61,0.2355,0.68,0.2112
model-1571255818,1571255868.064,0.68,0.2058,0.63,0.2133
model-1571255818,1571255868.132,0.51,0.2473,0.68,0.2183
model-1571255818,1571255868.2,0.68,0.2132,0.69,0.2036
model-1571255818,1571255868.268,0.64,0.2061,0.63,0.2175
model-1571255818,1571255868.336,0.7,0.2057,0.73,0.1912
model-1571255818,1571255868.405,0.68,0.2169,0.63,0.2333
model-1571255818,1571255868.474,0.73,0.2056,0.62,0.222
model-1571255818,1571255868.543,0.62,0.2357,0.65,0.2144
model-1571255818,1571255868.612,0.67,0.2121,0.62,0.2445
model-1571255818,1571255868.68,0.65,0.2274,0.65,0.2188
model-1571255818,1571255868.748,0.65,0.215,0.64,0.2176
model-1571255818,1571255868.816,0.68,0.2101,0.68,0.2025
model-1571255818,1571255868.884,0.71,0.1997,0.75,0.2054
model-1571255818,1571255868.953,0.65,0.2343,0.62,0.2337
model-1571255818,1571255869.022,0.68,0.207,0.64,0.2345
model-1571255818,1571255869.09,0.67,0.2187,0.68,0.2117
model-1571255818,1571255869.159,0.66,0.2199,0.65,0.2243
model-1571255818,1571255869.229,0.67,0.2169,0.73,0.1907
model-1571255818,1571255869.298,0.69,0.196,0.67,0.21
model-1571255818,1571255869.366,0.64,0.2039,0.66,0.2259
model-1571255818,1571255869.434,0.67,0.2109,0.74,0.2119
model-1571255818,1571255869.503,0.72,0.1897,0.67,0.1988
model-1571255818,1571255869.573,0.67,0.1939,0.68,0.2004
model-1571255818,1571255869.642,0.68,0.1927,0.63,0.2278
model-1571255818,1571255869.711,0.61,0.2266,0.57,0.2466
model-1571255818,1571255869.78,0.57,0.2379,0.65,0.2058
model-1571255818,1571255869.848,0.74,0.1794,0.66,0.2134
model-1571255818,1571255869.916,0.71,0.1907,0.58,0.2437
model-1571255818,1571255869.984,0.72,0.1991,0.68,0.2125
model-1571255818,1571255870.053,0.74,0.1726,0.69,0.2022
model-1571255818,1571255870.121,0.73,0.1763,0.69,0.2173
model-1571255818,1571255870.189,0.74,0.1934,0.63,0.2384
model-1571255818,1571255870.257,0.61,0.2493,0.61,0.2423
model-1571255818,1571255870.326,0.64,0.2217,0.62,0.238
model-1571255818,1571255870.396,0.7,0.2047,0.71,0.2037
model-1571255818,1571255870.464,0.64,0.2446,0.56,0.2682
model-1571255818,1571255870.532,0.58,0.2703,0.69,0.2121
model-1571255818,1571255870.602,0.69,0.2056,0.64,0.2084
model-1571255818,1571255870.672,0.69,0.2149,0.69,0.2084
model-1571255818,1571255870.74,0.65,0.2238,0.61,0.2436
model-1571255818,1571255870.808,0.62,0.2284,0.67,0.1976
model-1571255818,1571255870.877,0.63,0.2232,0.59,0.2404
model-1571255818,1571255870.946,0.79,0.1769,0.68,0.2029
model-1571255818,1571255871.014,0.7,0.1979,0.62,0.2174
model-1571255818,1571255871.082,0.66,0.2139,0.73,0.1978
model-1571255818,1571255871.151,0.62,0.2202,0.69,0.2027
model-1571255818,1571255871.22,0.69,0.205,0.66,0.2095
model-1571255818,1571255871.288,0.65,0.2064,0.6,0.2406
model-1571255818,1571255871.358,0.58,0.2353,0.62,0.2303
model-1571255818,1571255871.427,0.56,0.2602,0.63,0.2292
model-1571255818,1571255871.496,0.62,0.2307,0.52,0.276
model-1571255818,1571255871.564,0.52,0.2688,0.63,0.2274
model-1571255818,1571255871.633,0.59,0.2466,0.61,0.2359
model-1571255818,1571255871.701,0.62,0.2331,0.66,0.2154
model-1571255818,1571255871.77,0.65,0.2236,0.65,0.2197
model-1571255818,1571255871.837,0.64,0.2501,0.6,0.2354
model-1571255818,1571255871.907,0.57,0.2455,0.66,0.2216
model-1571255818,1571255871.976,0.55,0.2583,0.62,0.2317
model-1571255818,1571255872.045,0.59,0.231,0.6,0.2288
model-1571255818,1571255872.113,0.66,0.2136,0.66,0.221
model-1571255818,1571255872.181,0.67,0.208,0.67,0.2152
model-1571255818,1571255872.249,0.65,0.2226,0.67,0.2073
model-1571255818,1571255872.318,0.61,0.2225,0.64,0.2147
model-1571255818,1571255872.385,0.66,0.2092,0.69,0.2112
model-1571255818,1571255872.453,0.66,0.2161,0.62,0.2263
model-1571255818,1571255872.522,0.6,0.2276,0.61,0.2243
model-1571255818,1571255872.591,0.61,0.2195,0.61,0.2401
model-1571255818,1571255872.659,0.7,0.2116,0.54,0.2349
model-1571255818,1571255872.728,0.61,0.2251,0.59,0.2305
model-1571255818,1571255872.797,0.62,0.2291,0.56,0.2294
model-1571255818,1571255872.865,0.57,0.2355,0.68,0.2144
model-1571255818,1571255872.932,0.74,0.1973,0.68,0.2073
model-1571255818,1571255873.0,0.76,0.1719,0.58,0.2384
model-1571255818,1571255873.068,0.58,0.2589,0.67,0.2011
model-1571255818,1571255873.137,0.65,0.2224,0.67,0.2085
model-1571255818,1571255873.205,0.68,0.2171,0.64,0.2172
model-1571255818,1571255873.274,0.67,0.1952,0.59,0.234
model-1571255818,1571255873.343,0.69,0.2086,0.64,0.2081
model-1571255818,1571255873.412,0.71,0.1971,0.58,0.2319
model-1571255818,1571255873.48,0.62,0.2238,0.73,0.19
model-1571255818,1571255873.548,0.75,0.2062,0.66,0.2086
model-1571255818,1571255873.617,0.67,0.2157,0.67,0.2264
model-1571255818,1571255873.685,0.66,0.2272,0.63,0.2223
model-1571255818,1571255873.753,0.71,0.1983,0.72,0.2008
model-1571255818,1571255873.821,0.62,0.2234,0.7,0.1913
model-1571255818,1571255873.89,0.66,0.207,0.68,0.2071
model-1571255818,1571255873.96,0.67,0.2151,0.59,0.2301
model-1571255818,1571255874.029,0.73,0.2006,0.77,0.1974
model-1571255818,1571255874.097,0.69,0.1919,0.66,0.205
model-1571255818,1571255874.166,0.6,0.2273,0.69,0.2138
model-1571255818,1571255874.234,0.63,0.2035,0.64,0.2048
model-1571255818,1571255874.301,0.65,0.2072,0.71,0.2119
model-1571255818,1571255874.369,0.69,0.1995,0.72,0.1845
model-1571255818,1571255874.438,0.72,0.1864,0.63,0.2371
model-1571255818,1571255874.508,0.61,0.2392,0.72,0.2022
model-1571255818,1571255874.576,0.61,0.2283,0.7,0.1836
model-1571255818,1571255874.647,0.72,0.2063,0.67,0.2134
model-1571255818,1571255874.715,0.65,0.2296,0.71,0.1937
model-1571255818,1571255874.783,0.63,0.242,0.74,0.1764
model-1571255818,1571255874.851,0.69,0.1926,0.76,0.1888
model-1571255818,1571255874.919,0.66,0.2164,0.72,0.1964
model-1571255818,1571255874.987,0.64,0.2054,0.78,0.1813
model-1571255818,1571255875.056,0.67,0.2232,0.74,0.1884
model-1571255818,1571255875.124,0.77,0.1856,0.7,0.2003
model-1571255818,1571255875.192,0.74,0.2008,0.75,0.1888
model-1571255818,1571255875.262,0.71,0.2028,0.66,0.1983
model-1571255818,1571255875.33,0.68,0.2095,0.73,0.1794
model-1571255818,1571255875.398,0.71,0.1976,0.76,0.1868
model-1571255818,1571255875.466,0.68,0.1852,0.62,0.2088
model-1571255818,1571255875.535,0.71,0.1884,0.73,0.1857
model-1571255818,1571255875.604,0.6,0.2174,0.74,0.1942
model-1571255818,1571255875.673,0.67,0.2039,0.63,0.2286
model-1571255818,1571255875.742,0.63,0.2266,0.67,0.2137
model-1571255818,1571255875.812,0.73,0.1898,0.74,0.1845
model-1571255818,1571255875.859,0.58,0.2224,0.74,0.1924
model-1571255818,1571255875.929,0.71,0.2004,0.6,0.2392
model-1571255818,1571255875.997,0.63,0.2109,0.71,0.1936
model-1571255818,1571255876.066,0.66,0.2069,0.7,0.2056
model-1571255818,1571255876.134,0.67,0.2082,0.69,0.2026
model-1571255818,1571255876.203,0.6,0.2292,0.61,0.2254
model-1571255818,1571255876.271,0.6,0.2305,0.66,0.2207
model-1571255818,1571255876.341,0.67,0.2053,0.74,0.1993
model-1571255818,1571255876.41,0.68,0.2045,0.64,0.215
model-1571255818,1571255876.478,0.66,0.2183,0.6,0.2385
model-1571255818,1571255876.546,0.74,0.1769,0.7,0.1994
model-1571255818,1571255876.615,0.65,0.2121,0.64,0.2261
model-1571255818,1571255876.683,0.67,0.2171,0.71,0.2036
model-1571255818,1571255876.751,0.68,0.2056,0.55,0.2304
model-1571255818,1571255876.819,0.65,0.224,0.7,0.2052
model-1571255818,1571255876.889,0.71,0.1859,0.68,0.1993
model-1571255818,1571255876.957,0.67,0.2163,0.71,0.1986
model-1571255818,1571255877.026,0.78,0.1789,0.67,0.2052
model-1571255818,1571255877.095,0.63,0.2094,0.71,0.2007
model-1571255818,1571255877.164,0.7,0.1932,0.75,0.1917
model-1571255818,1571255877.232,0.66,0.2192,0.74,0.1882
model-1571255818,1571255877.299,0.75,0.1878,0.76,0.1827
model-1571255818,1571255877.367,0.7,0.2103,0.75,0.1822
model-1571255818,1571255877.436,0.72,0.1929,0.64,0.2049
model-1571255818,1571255877.505,0.7,0.1768,0.6,0.2317
model-1571255818,1571255877.573,0.73,0.1859,0.69,0.1948
model-1571255818,1571255877.641,0.68,0.22,0.62,0.2274
model-1571255818,1571255877.711,0.65,0.223,0.71,0.1889
model-1571255818,1571255877.779,0.68,0.1986,0.56,0.2462
model-1571255818,1571255877.847,0.71,0.1783,0.64,0.2168
model-1571255818,1571255877.915,0.74,0.1942,0.65,0.2171
model-1571255818,1571255877.984,0.63,0.2126,0.68,0.2118
model-1571255818,1571255878.052,0.69,0.2044,0.66,0.2048
model-1571255818,1571255878.12,0.66,0.2009,0.74,0.1791
model-1571255818,1571255878.19,0.68,0.1942,0.63,0.2221
model-1571255818,1571255878.258,0.67,0.2224,0.72,0.1877
model-1571255818,1571255878.327,0.65,0.1997,0.71,0.1829
model-1571255818,1571255878.395,0.7,0.2012,0.64,0.2139
model-1571255818,1571255878.464,0.72,0.1802,0.67,0.1977
model-1571255818,1571255878.533,0.67,0.216,0.71,0.1823
model-1571255818,1571255878.602,0.75,0.1779,0.68,0.1942
model-1571255818,1571255878.67,0.72,0.189,0.6,0.2329
model-1571255818,1571255878.739,0.64,0.2132,0.6,0.221
model-1571255818,1571255878.809,0.56,0.2372,0.73,0.1592
model-1571255818,1571255878.877,0.77,0.1904,0.78,0.1785
model-1571255818,1571255878.946,0.78,0.1696,0.69,0.2014
model-1571255818,1571255879.014,0.71,0.1935,0.69,0.1932
model-1571255818,1571255879.083,0.66,0.211,0.67,0.2081
model-1571255818,1571255879.151,0.74,0.1852,0.58,0.229
model-1571255818,1571255879.219,0.7,0.1833,0.68,0.2104
model-1571255818,1571255879.288,0.77,0.174,0.72,0.2
model-1571255818,1571255879.359,0.68,0.2257,0.71,0.2059
model-1571255818,1571255879.428,0.74,0.18,0.77,0.1687
model-1571255818,1571255879.495,0.67,0.1883,0.7,0.2086
model-1571255818,1571255879.563,0.66,0.208,0.73,0.1802
model-1571255818,1571255879.632,0.72,0.1988,0.67,0.1991
model-1571255818,1571255879.701,0.69,0.2163,0.66,0.2103
model-1571255818,1571255879.768,0.67,0.201,0.73,0.1888
model-1571255818,1571255879.836,0.73,0.1976,0.74,0.185
model-1571255818,1571255879.905,0.66,0.2241,0.67,0.2099
model-1571255818,1571255879.975,0.77,0.1726,0.64,0.2066
model-1571255818,1571255880.043,0.69,0.1952,0.68,0.2109
model-1571255818,1571255880.111,0.71,0.1951,0.7,0.1763
model-1571255818,1571255880.18,0.78,0.1808,0.81,0.1464
model-1571255818,1571255880.248,0.71,0.1849,0.67,0.1894
model-1571255818,1571255880.315,0.75,0.165,0.7,0.2102
model-1571255818,1571255880.383,0.63,0.2047,0.76,0.175
model-1571255818,1571255880.452,0.73,0.1866,0.72,0.1845
model-1571255818,1571255880.52,0.73,0.2018,0.64,0.212
model-1571255818,1571255880.588,0.78,0.1558,0.74,0.1845
model-1571255818,1571255880.657,0.71,0.1845,0.68,0.1918
model-1571255818,1571255880.727,0.69,0.1968,0.7,0.2022
model-1571255818,1571255880.795,0.75,0.1719,0.76,0.1655
model-1571255818,1571255880.863,0.7,0.1973,0.65,0.1998
model-1571255818,1571255880.931,0.78,0.1521,0.7,0.2122
model-1571255818,1571255880.999,0.65,0.2089,0.61,0.2257
model-1571255818,1571255881.067,0.74,0.1529,0.75,0.1825
model-1571255818,1571255881.134,0.75,0.1807,0.69,0.1902
model-1571255818,1571255881.202,0.66,0.2259,0.76,0.1597
model-1571255818,1571255881.272,0.7,0.2001,0.67,0.2112
model-1571255818,1571255881.34,0.64,0.1966,0.65,0.2033
model-1571255818,1571255881.409,0.79,0.1727,0.64,0.205
model-1571255818,1571255881.477,0.68,0.1929,0.72,0.1987
model-1571255818,1571255881.546,0.67,0.2024,0.83,0.1374
model-1571255818,1571255881.616,0.66,0.2101,0.71,0.1967
model-1571255818,1571255881.684,0.72,0.1837,0.64,0.2154
model-1571255818,1571255881.752,0.77,0.1649,0.7,0.1976
model-1571255818,1571255881.822,0.73,0.1721,0.7,0.206
model-1571255818,1571255881.89,0.81,0.1623,0.69,0.1934
model-1571255818,1571255881.958,0.82,0.1537,0.7,0.1981
model-1571255818,1571255882.027,0.76,0.1707,0.69,0.1903
model-1571255818,1571255882.095,0.62,0.2328,0.69,0.2007
model-1571255818,1571255882.164,0.72,0.1928,0.78,0.155
model-1571255818,1571255882.232,0.76,0.1737,0.69,0.1785
model-1571255818,1571255882.3,0.69,0.1845,0.65,0.2026
model-1571255818,1571255882.368,0.69,0.2021,0.74,0.1833
model-1571255818,1571255882.437,0.71,0.186,0.74,0.1688
model-1571255818,1571255882.506,0.74,0.1872,0.76,0.1762
model-1571255818,1571255882.574,0.71,0.1698,0.74,0.1788
model-1571255818,1571255882.643,0.79,0.1648,0.7,0.181
model-1571255818,1571255882.711,0.7,0.1993,0.72,0.2077
model-1571255818,1571255882.779,0.75,0.1903,0.72,0.192
model-1571255818,1571255882.847,0.74,0.1635,0.75,0.1785
model-1571255818,1571255882.916,0.65,0.2047,0.78,0.165
model-1571255818,1571255882.984,0.73,0.1762,0.75,0.1731
model-1571255818,1571255883.052,0.73,0.1798,0.77,0.1722
model-1571255818,1571255883.12,0.78,0.1633,0.67,0.2166
model-1571255818,1571255883.19,0.71,0.1963,0.69,0.1835
model-1571255818,1571255883.26,0.78,0.1645,0.75,0.1961
model-1571255818,1571255883.328,0.68,0.2269,0.65,0.2263
model-1571255818,1571255883.397,0.59,0.2291,0.72,0.2008
model-1571255818,1571255883.465,0.74,0.1722,0.76,0.161
model-1571255818,1571255883.533,0.78,0.167,0.81,0.1668
model-1571255818,1571255883.602,0.73,0.1734,0.7,0.2014
model-1571255818,1571255883.671,0.67,0.1899,0.72,0.1818
model-1571255818,1571255883.741,0.76,0.1658,0.56,0.2497
model-1571255818,1571255883.809,0.72,0.2061,0.74,0.1663
model-1571255818,1571255883.878,0.79,0.1655,0.73,0.1712
model-1571255818,1571255883.945,0.73,0.1917,0.72,0.1762
model-1571255818,1571255884.014,0.79,0.1756,0.72,0.2029
model-1571255818,1571255884.082,0.68,0.2046,0.75,0.1671
model-1571255818,1571255884.15,0.74,0.1913,0.81,0.1327
model-1571255818,1571255884.218,0.7,0.1908,0.69,0.2157
model-1571255818,1571255884.287,0.84,0.1449,0.67,0.206
model-1571255818,1571255884.355,0.63,0.2069,0.74,0.1812
model-1571255818,1571255884.424,0.71,0.1644,0.79,0.1567
model-1571255818,1571255884.493,0.67,0.1942,0.72,0.1852
model-1571255818,1571255884.561,0.68,0.1953,0.76,0.1809
model-1571255818,1571255884.63,0.66,0.219,0.74,0.1785
model-1571255818,1571255884.698,0.79,0.1587,0.74,0.1758
model-1571255818,1571255884.766,0.74,0.1819,0.75,0.1683
model-1571255818,1571255884.834,0.68,0.2009,0.78,0.1702
model-1571255818,1571255884.903,0.78,0.1609,0.77,0.1687
model-1571255818,1571255884.973,0.76,0.1549,0.8,0.1733
model-1571255818,1571255885.042,0.77,0.1705,0.71,0.1905
model-1571255818,1571255885.111,0.75,0.1763,0.68,0.2034
model-1571255818,1571255885.18,0.68,0.194,0.8,0.1421
model-1571255818,1571255885.247,0.78,0.1596,0.65,0.2138
model-1571255818,1571255885.315,0.72,0.1879,0.71,0.1862
model-1571255818,1571255885.384,0.76,0.1742,0.77,0.1856
model-1571255818,1571255885.452,0.8,0.1394,0.69,0.1929
model-1571255818,1571255885.52,0.75,0.1679,0.75,0.1853
model-1571255818,1571255885.589,0.75,0.1634,0.57,0.2387
model-1571255818,1571255885.658,0.69,0.205,0.67,0.2037
model-1571255818,1571255885.727,0.7,0.1806,0.76,0.16
model-1571255818,1571255885.795,0.72,0.1866,0.63,0.2427
model-1571255818,1571255885.863,0.77,0.1857,0.74,0.174
model-1571255818,1571255885.932,0.62,0.2164,0.66,0.2014
model-1571255818,1571255885.999,0.8,0.1538,0.74,0.1797
model-1571255818,1571255886.068,0.73,0.175,0.72,0.1935
model-1571255818,1571255886.136,0.74,0.2062,0.7,0.1872
model-1571255818,1571255886.206,0.7,0.1838,0.78,0.161
model-1571255818,1571255886.275,0.77,0.1762,0.72,0.1777
model-1571255818,1571255886.343,0.86,0.1141,0.82,0.1335
model-1571255818,1571255886.411,0.77,0.1618,0.71,0.1814
model-1571255818,1571255886.48,0.71,0.1949,0.72,0.1828
model-1571255818,1571255886.548,0.69,0.1857,0.72,0.2053
model-1571255818,1571255886.617,0.76,0.1639,0.6,0.2504
model-1571255818,1571255886.685,0.71,0.1863,0.75,0.1653
model-1571255818,1571255886.754,0.63,0.224,0.74,0.1804
model-1571255818,1571255886.823,0.69,0.2072,0.67,0.2032
model-1571255818,1571255886.892,0.74,0.1897,0.66,0.2253
model-1571255818,1571255886.96,0.57,0.2805,0.69,0.2078
model-1571255818,1571255887.029,0.62,0.236,0.66,0.2231
model-1571255818,1571255887.098,0.74,0.1884,0.67,0.2137
model-1571255818,1571255887.166,0.72,0.1979,0.65,0.2009
model-1571255818,1571255887.234,0.64,0.226,0.55,0.2717
model-1571255818,1571255887.303,0.57,0.244,0.66,0.2164
model-1571255818,1571255887.372,0.64,0.2245,0.75,0.1706
model-1571255818,1571255887.44,0.74,0.2061,0.7,0.1992
model-1571255818,1571255887.508,0.71,0.192,0.67,0.2072
model-1571255818,1571255887.578,0.7,0.2048,0.61,0.2286
model-1571255818,1571255887.647,0.66,0.1998,0.7,0.1935
model-1571255818,1571255887.715,0.74,0.1944,0.72,0.183
model-1571255818,1571255887.783,0.71,0.1868,0.78,0.1583
model-1571255818,1571255887.851,0.76,0.1739,0.72,0.1759
model-1571255818,1571255887.92,0.74,0.182,0.68,0.2201
model-1571255818,1571255887.988,0.74,0.1682,0.72,0.1996
model-1571255818,1571255888.057,0.75,0.1755,0.74,0.1632
model-1571255818,1571255888.126,0.68,0.2079,0.72,0.1881
model-1571255818,1571255888.196,0.82,0.1627,0.66,0.2084
model-1571255818,1571255888.264,0.71,0.1943,0.66,0.2189
model-1571255818,1571255888.332,0.69,0.1986,0.68,0.2066
model-1571255818,1571255888.401,0.75,0.1503,0.76,0.1617
model-1571255818,1571255888.47,0.67,0.1941,0.67,0.2177
model-1571255818,1571255888.539,0.71,0.1906,0.62,0.2239
model-1571255818,1571255888.608,0.63,0.2168,0.72,0.1831
model-1571255818,1571255888.678,0.83,0.1459,0.63,0.2293
model-1571255818,1571255888.746,0.76,0.1709,0.72,0.1992
model-1571255818,1571255888.814,0.7,0.1916,0.71,0.177
model-1571255818,1571255888.882,0.67,0.2039,0.68,0.207
model-1571255818,1571255888.951,0.74,0.1777,0.7,0.1772
model-1571255818,1571255889.018,0.77,0.1682,0.64,0.2212
model-1571255818,1571255889.086,0.62,0.2401,0.65,0.215
model-1571255818,1571255889.155,0.69,0.2027,0.66,0.2051
model-1571255818,1571255889.225,0.69,0.2112,0.7,0.1944
model-1571255818,1571255889.294,0.76,0.1874,0.7,0.2071
model-1571255818,1571255889.362,0.61,0.2278,0.76,0.1612
model-1571255818,1571255889.43,0.71,0.1758,0.72,0.1782
model-1571255818,1571255889.499,0.8,0.152,0.81,0.1613
model-1571255818,1571255889.568,0.71,0.1957,0.74,0.1775
model-1571255818,1571255889.639,0.71,0.1771,0.76,0.1779
model-1571255818,1571255889.707,0.77,0.1758,0.73,0.1879
model-1571255818,1571255889.777,0.71,0.1804,0.67,0.2132
model-1571255818,1571255889.844,0.78,0.1614,0.65,0.2089
model-1571255818,1571255889.913,0.68,0.2028,0.8,0.1638
model-1571255818,1571255889.981,0.68,0.1933,0.77,0.1918
model-1571255818,1571255890.049,0.79,0.157,0.78,0.1708
model-1571255818,1571255890.118,0.65,0.2168,0.84,0.1334
model-1571255818,1571255890.185,0.7,0.1924,0.8,0.1453
model-1571255818,1571255890.253,0.78,0.1594,0.74,0.1797
model-1571255818,1571255890.323,0.74,0.1786,0.72,0.193
model-1571255818,1571255890.391,0.73,0.186,0.71,0.1923
model-1571255818,1571255890.46,0.69,0.2202,0.68,0.2023
model-1571255818,1571255890.528,0.81,0.1511,0.75,0.1827
model-1571255818,1571255890.597,0.76,0.1613,0.81,0.144
model-1571255818,1571255890.666,0.81,0.1471,0.75,0.1839
model-1571255818,1571255890.734,0.77,0.1664,0.68,0.2095
model-1571255818,1571255890.802,0.74,0.1713,0.78,0.1541
model-1571255818,1571255890.871,0.81,0.1467,0.72,0.1881
model-1571255818,1571255890.94,0.81,0.1586,0.72,0.1997
model-1571255818,1571255891.009,0.72,0.1647,0.75,0.1667
model-1571255818,1571255891.077,0.79,0.157,0.75,0.1617
model-1571255818,1571255891.146,0.73,0.194,0.78,0.1477
model-1571255818,1571255891.215,0.76,0.1605,0.7,0.2019
model-1571255818,1571255891.263,0.77,0.1839,0.71,0.1887
model-1571255818,1571255891.331,0.69,0.1939,0.67,0.2117
model-1571255818,1571255891.4,0.63,0.2225,0.83,0.1489
model-1571255818,1571255891.468,0.74,0.1703,0.68,0.2038
model-1571255818,1571255891.536,0.64,0.1985,0.8,0.1451
model-1571255818,1571255891.605,0.69,0.1872,0.74,0.1691
model-1571255818,1571255891.674,0.69,0.2056,0.77,0.1662
model-1571255818,1571255891.744,0.76,0.1585,0.65,0.2125
model-1571255818,1571255891.812,0.76,0.1788,0.74,0.1763
model-1571255818,1571255891.88,0.74,0.1762,0.73,0.1841
model-1571255818,1571255891.948,0.76,0.1492,0.74,0.1573
model-1571255818,1571255892.017,0.71,0.1812,0.78,0.1569
model-1571255818,1571255892.084,0.79,0.1589,0.73,0.161
model-1571255818,1571255892.152,0.75,0.1693,0.65,0.2201
model-1571255818,1571255892.221,0.67,0.2031,0.74,0.175
model-1571255818,1571255892.29,0.74,0.1839,0.72,0.163
model-1571255818,1571255892.358,0.66,0.1874,0.73,0.1766
model-1571255818,1571255892.427,0.83,0.1453,0.77,0.1584
model-1571255818,1571255892.496,0.72,0.1874,0.68,0.1987
model-1571255818,1571255892.564,0.77,0.1579,0.71,0.2069
model-1571255818,1571255892.632,0.7,0.195,0.74,0.1644
model-1571255818,1571255892.7,0.8,0.147,0.79,0.1618
model-1571255818,1571255892.768,0.74,0.1812,0.74,0.1721
model-1571255818,1571255892.837,0.72,0.1878,0.75,0.1721
model-1571255818,1571255892.906,0.79,0.1606,0.74,0.1701
model-1571255818,1571255892.975,0.79,0.1533,0.78,0.1541
model-1571255818,1571255893.044,0.65,0.2058,0.71,0.1907
model-1571255818,1571255893.113,0.72,0.1827,0.77,0.1709
model-1571255818,1571255893.181,0.79,0.1699,0.71,0.1782
model-1571255818,1571255893.249,0.78,0.151,0.71,0.179
model-1571255818,1571255893.318,0.73,0.1739,0.72,0.1747
model-1571255818,1571255893.387,0.76,0.1653,0.76,0.1753
model-1571255818,1571255893.455,0.75,0.1835,0.64,0.2319
model-1571255818,1571255893.525,0.73,0.1926,0.73,0.1776
model-1571255818,1571255893.594,0.7,0.1864,0.77,0.1661
model-1571255818,1571255893.664,0.72,0.1909,0.71,0.2002
model-1571255818,1571255893.732,0.75,0.17,0.7,0.1895
model-1571255818,1571255893.8,0.76,0.18,0.73,0.188
model-1571255818,1571255893.868,0.76,0.1616,0.76,0.1712
model-1571255818,1571255893.938,0.7,0.193,0.73,0.1762
model-1571255818,1571255894.006,0.72,0.1766,0.77,0.1649
model-1571255818,1571255894.075,0.7,0.1772,0.76,0.1596
model-1571255818,1571255894.145,0.72,0.1743,0.73,0.1669
model-1571255818,1571255894.214,0.69,0.2023,0.76,0.1771
model-1571255818,1571255894.281,0.77,0.1688,0.74,0.1773
model-1571255818,1571255894.349,0.81,0.1427,0.71,0.1744
model-1571255818,1571255894.417,0.77,0.1678,0.73,0.1735
model-1571255818,1571255894.486,0.77,0.1592,0.7,0.1861
model-1571255818,1571255894.555,0.69,0.1822,0.78,0.1697
model-1571255818,1571255894.625,0.79,0.1563,0.74,0.1669
model-1571255818,1571255894.695,0.77,0.1466,0.83,0.1455
model-1571255818,1571255894.763,0.72,0.1868,0.76,0.174
model-1571255818,1571255894.83,0.83,0.1571,0.7,0.218
model-1571255818,1571255894.899,0.75,0.1715,0.73,0.1793
model-1571255818,1571255894.967,0.69,0.1892,0.82,0.1502
model-1571255818,1571255895.036,0.74,0.1673,0.78,0.1574
model-1571255818,1571255895.104,0.74,0.1973,0.73,0.1733
model-1571255818,1571255895.173,0.76,0.1668,0.67,0.1897
model-1571255818,1571255895.242,0.77,0.1684,0.79,0.1553
model-1571255818,1571255895.311,0.65,0.2186,0.62,0.2344
model-1571255818,1571255895.379,0.79,0.1443,0.72,0.1831
model-1571255818,1571255895.447,0.8,0.1575,0.68,0.194
model-1571255818,1571255895.515,0.78,0.1574,0.72,0.1823
model-1571255818,1571255895.583,0.78,0.1508,0.8,0.1523
model-1571255818,1571255895.652,0.78,0.1513,0.83,0.1244
model-1571255818,1571255895.721,0.81,0.1347,0.69,0.1952
model-1571255818,1571255895.79,0.7,0.1773,0.77,0.1629
model-1571255818,1571255895.859,0.75,0.1629,0.74,0.1764
model-1571255818,1571255895.927,0.72,0.1973,0.68,0.1963
model-1571255818,1571255895.995,0.81,0.1333,0.73,0.1907
model-1571255818,1571255896.064,0.75,0.1662,0.72,0.1709
model-1571255818,1571255896.132,0.72,0.1931,0.69,0.1979
model-1571255818,1571255896.2,0.79,0.1577,0.76,0.1694
model-1571255818,1571255896.267,0.75,0.1691,0.7,0.1903
model-1571255818,1571255896.336,0.82,0.118,0.75,0.1634
model-1571255818,1571255896.405,0.68,0.205,0.74,0.1944
model-1571255818,1571255896.473,0.87,0.111,0.72,0.1839
model-1571255818,1571255896.542,0.8,0.1412,0.72,0.2053
model-1571255818,1571255896.613,0.71,0.2093,0.73,0.1915
model-1571255818,1571255896.682,0.77,0.1769,0.69,0.1707
model-1571255818,1571255896.749,0.77,0.1647,0.77,0.1616
model-1571255818,1571255896.817,0.8,0.1488,0.73,0.1888
model-1571255818,1571255896.885,0.71,0.1952,0.67,0.2114
model-1571255818,1571255896.955,0.66,0.1907,0.7,0.1648
model-1571255818,1571255897.023,0.7,0.1898,0.76,0.1505
model-1571255818,1571255897.092,0.79,0.1647,0.79,0.1555
model-1571255818,1571255897.161,0.8,0.1504,0.75,0.1731
model-1571255818,1571255897.229,0.71,0.1742,0.71,0.1839
model-1571255818,1571255897.297,0.8,0.1455,0.73,0.1902
model-1571255818,1571255897.365,0.83,0.1301,0.73,0.1913
model-1571255818,1571255897.434,0.82,0.1292,0.72,0.1729
model-1571255818,1571255897.502,0.79,0.1783,0.71,0.1745
model-1571255818,1571255897.57,0.76,0.1628,0.67,0.224
model-1571255818,1571255897.639,0.78,0.1445,0.7,0.1848
model-1571255818,1571255897.709,0.8,0.1543,0.75,0.1708
model-1571255818,1571255897.777,0.73,0.1736,0.72,0.18
model-1571255818,1571255897.845,0.76,0.1569,0.79,0.1592
model-1571255818,1571255897.913,0.79,0.1627,0.71,0.1859
model-1571255818,1571255897.982,0.74,0.1529,0.78,0.1544
model-1571255818,1571255898.05,0.81,0.1521,0.76,0.1776
model-1571255818,1571255898.118,0.68,0.1935,0.72,0.1925
model-1571255818,1571255898.186,0.77,0.1681,0.71,0.1778
model-1571255818,1571255898.255,0.82,0.1366,0.74,0.1752
model-1571255818,1571255898.324,0.7,0.1794,0.73,0.1659
model-1571255818,1571255898.392,0.76,0.1484,0.78,0.1599
model-1571255818,1571255898.462,0.77,0.1502,0.78,0.1578
model-1571255818,1571255898.53,0.82,0.1376,0.71,0.1742
model-1571255818,1571255898.6,0.75,0.1866,0.69,0.2126
model-1571255818,1571255898.669,0.81,0.1384,0.77,0.142
model-1571255818,1571255898.738,0.68,0.2248,0.63,0.2261
model-1571255818,1571255898.807,0.6,0.235,0.76,0.1576
model-1571255818,1571255898.876,0.8,0.1521,0.72,0.179
model-1571255818,1571255898.944,0.84,0.1419,0.78,0.1488
model-1571255818,1571255899.012,0.76,0.1435,0.79,0.1551
model-1571255818,1571255899.081,0.76,0.1563,0.8,0.1427
model-1571255818,1571255899.149,0.78,0.141,0.76,0.1572
model-1571255818,1571255899.216,0.75,0.1582,0.7,0.1905
model-1571255818,1571255899.284,0.82,0.1413,0.73,0.1987
model-1571255818,1571255899.353,0.75,0.1711,0.82,0.1388
model-1571255818,1571255899.422,0.77,0.1728,0.75,0.1783
model-1571255818,1571255899.49,0.68,0.1988,0.76,0.1619
model-1571255818,1571255899.559,0.75,0.1737,0.7,0.1933
model-1571255818,1571255899.629,0.76,0.1692,0.77,0.169
model-1571255818,1571255899.698,0.86,0.1167,0.77,0.1604
model-1571255818,1571255899.766,0.73,0.1674,0.72,0.1757
model-1571255818,1571255899.834,0.86,0.1355,0.75,0.1714
model-1571255818,1571255899.902,0.7,0.1852,0.78,0.1663
model-1571255818,1571255899.971,0.78,0.1551,0.72,0.1959
model-1571255818,1571255900.039,0.7,0.1967,0.82,0.1224
model-1571255818,1571255900.108,0.8,0.1378,0.81,0.1423
model-1571255818,1571255900.178,0.76,0.1582,0.75,0.1687
model-1571255818,1571255900.246,0.74,0.1737,0.71,0.1834
model-1571255818,1571255900.315,0.81,0.1481,0.72,0.1742
model-1571255818,1571255900.383,0.81,0.1331,0.8,0.1588
model-1571255818,1571255900.452,0.77,0.1576,0.82,0.1524
model-1571255818,1571255900.52,0.79,0.1618,0.74,0.1871
model-1571255818,1571255900.589,0.75,0.1639,0.81,0.1649
model-1571255818,1571255900.659,0.83,0.1355,0.76,0.1864
model-1571255818,1571255900.728,0.73,0.1804,0.82,0.1556
model-1571255818,1571255900.797,0.76,0.1748,0.72,0.1883
model-1571255818,1571255900.864,0.84,0.1255,0.72,0.2057
model-1571255818,1571255900.933,0.83,0.137,0.7,0.1928
model-1571255818,1571255901.001,0.75,0.168,0.76,0.1655
model-1571255818,1571255901.07,0.74,0.1779,0.8,0.1228
model-1571255818,1571255901.139,0.79,0.1539,0.75,0.1812
model-1571255818,1571255901.208,0.73,0.1695,0.75,0.1545
model-1571255818,1571255901.277,0.78,0.1542,0.79,0.1556
model-1571255818,1571255901.346,0.77,0.1538,0.7,0.1881
model-1571255818,1571255901.413,0.82,0.1325,0.67,0.1965
model-1571255818,1571255901.482,0.77,0.1546,0.79,0.1653
model-1571255818,1571255901.551,0.69,0.2125,0.76,0.164
model-1571255818,1571255901.619,0.73,0.1653,0.73,0.1633
model-1571255818,1571255901.688,0.75,0.1646,0.75,0.1701
model-1571255818,1571255901.757,0.83,0.1246,0.76,0.1928
model-1571255818,1571255901.826,0.8,0.1388,0.76,0.1663
model-1571255818,1571255901.895,0.76,0.1711,0.63,0.2419
model-1571255818,1571255901.963,0.72,0.1851,0.71,0.184
model-1571255818,1571255902.031,0.66,0.1951,0.76,0.16
model-1571255818,1571255902.1,0.82,0.1371,0.76,0.1573
model-1571255818,1571255902.168,0.76,0.1764,0.7,0.1812
model-1571255818,1571255902.235,0.67,0.2281,0.8,0.1442
model-1571255818,1571255902.304,0.78,0.1703,0.73,0.1799
model-1571255818,1571255902.373,0.65,0.2252,0.7,0.186
model-1571255818,1571255902.442,0.69,0.1969,0.7,0.1933
model-1571255818,1571255902.51,0.75,0.1628,0.76,0.1705
model-1571255818,1571255902.579,0.73,0.1782,0.71,0.1951
model-1571255818,1571255902.648,0.68,0.1714,0.81,0.1744
model-1571255818,1571255902.716,0.67,0.1993,0.7,0.1806
model-1571255818,1571255902.783,0.77,0.1788,0.72,0.1857
model-1571255818,1571255902.852,0.67,0.2082,0.8,0.1405
model-1571255818,1571255902.922,0.75,0.1651,0.79,0.1468
model-1571255818,1571255902.991,0.77,0.1635,0.74,0.1784
model-1571255818,1571255903.059,0.83,0.1467,0.76,0.1671
model-1571255818,1571255903.129,0.76,0.1565,0.74,0.1735
model-1571255818,1571255903.197,0.77,0.1757,0.79,0.1452
model-1571255818,1571255903.265,0.79,0.1446,0.72,0.1794
model-1571255818,1571255903.332,0.73,0.1826,0.75,0.157
model-1571255818,1571255903.4,0.8,0.1485,0.83,0.1591
model-1571255818,1571255903.469,0.73,0.1682,0.63,0.2212
model-1571255818,1571255903.538,0.69,0.191,0.78,0.1426
model-1571255818,1571255903.607,0.74,0.163,0.71,0.2064
model-1571255818,1571255903.675,0.74,0.1744,0.71,0.1769
model-1571255818,1571255903.745,0.8,0.1388,0.66,0.2117
model-1571255818,1571255903.813,0.82,0.1404,0.73,0.1873
model-1571255818,1571255903.881,0.65,0.2216,0.77,0.1764
model-1571255818,1571255903.949,0.79,0.1465,0.77,0.1666
model-1571255818,1571255904.018,0.75,0.1744,0.8,0.1276
model-1571255818,1571255904.086,0.78,0.1542,0.82,0.1517
model-1571255818,1571255904.154,0.8,0.1476,0.76,0.1708
model-1571255818,1571255904.223,0.8,0.1621,0.76,0.1586
model-1571255818,1571255904.292,0.66,0.2279,0.67,0.1878
model-1571255818,1571255904.362,0.78,0.1658,0.72,0.1843
model-1571255818,1571255904.43,0.81,0.1524,0.78,0.1563
model-1571255818,1571255904.498,0.76,0.1924,0.73,0.1705
model-1571255818,1571255904.567,0.78,0.1562,0.72,0.1859
model-1571255818,1571255904.636,0.7,0.1975,0.77,0.1563
model-1571255818,1571255904.704,0.76,0.1574,0.64,0.1995
model-1571255818,1571255904.774,0.7,0.1878,0.74,0.1927
model-1571255818,1571255904.843,0.77,0.163,0.83,0.1342
model-1571255818,1571255904.912,0.79,0.1407,0.81,0.1472
model-1571255818,1571255904.98,0.73,0.169,0.76,0.1599
model-1571255818,1571255905.048,0.75,0.1591,0.71,0.1871
model-1571255818,1571255905.117,0.79,0.1574,0.77,0.1728
model-1571255818,1571255905.185,0.76,0.1525,0.71,0.1912
model-1571255818,1571255905.252,0.8,0.1392,0.82,0.1414
model-1571255818,1571255905.321,0.76,0.1737,0.8,0.1417
model-1571255818,1571255905.39,0.79,0.1566,0.78,0.1595
model-1571255818,1571255905.459,0.81,0.1367,0.73,0.1659
model-1571255818,1571255905.528,0.71,0.198,0.79,0.1565
model-1571255818,1571255905.597,0.71,0.1855,0.72,0.1769
model-1571255818,1571255905.666,0.83,0.1316,0.82,0.1382
model-1571255818,1571255905.734,0.73,0.1762,0.72,0.1849
model-1571255818,1571255905.802,0.76,0.1709,0.78,0.1516
model-1571255818,1571255905.87,0.7,0.2144,0.71,0.1907
model-1571255818,1571255905.94,0.83,0.1412,0.79,0.1615
model-1571255818,1571255906.008,0.81,0.1304,0.73,0.1881
model-1571255818,1571255906.077,0.88,0.1138,0.8,0.1411
model-1571255818,1571255906.145,0.84,0.1355,0.77,0.1413
model-1571255818,1571255906.214,0.82,0.143,0.71,0.1922
model-1571255818,1571255906.282,0.8,0.1335,0.74,0.167
model-1571255818,1571255906.35,0.82,0.1463,0.72,0.1919
model-1571255818,1571255906.417,0.79,0.1436,0.75,0.1767
model-1571255818,1571255906.486,0.81,0.1413,0.77,0.1556
model-1571255818,1571255906.557,0.74,0.174,0.76,0.169
model-1571255818,1571255906.625,0.8,0.1287,0.68,0.1957
model-1571255818,1571255906.672,0.79,0.1486,0.78,0.1746
